# JRE version: OpenJDK Runtime Environment (17.0.11) (build 17.0.11+0--11852314)
# Java VM: OpenJDK 64-Bit Server VM (17.0.11+0--11852314, mixed mode, tiered, compressed oops, compressed class ptrs, g1 gc, windows-amd64)
GC Precious Log:
 CPUs: 8 total, 8 available
 Memory: 6005M
 Large Page Support: Disabled
 NUMA Support: Disabled
 Compressed Oops: Enabled (32-bit)
 Heap Region Size: 1M
 Heap Min Capacity: 8M
 Heap Initial Capacity: 94M
 Heap Max Capacity: 2G
 Pre-touch: Disabled
 Parallel Workers: 8
 Concurrent Workers: 2
 Concurrent Refinement Workers: 8
 Periodic GC: Disabled
Heap:
 garbage-first heap   total 239616K, used 188766K [0x0000000080000000, 0x0000000100000000)
  region size 1024K, 22 young (22528K), 2 survivors (2048K)
 Metaspace       used 108051K, committed 108992K, reserved 1179648K
  class space    used 14900K, committed 15360K, reserved 1048576K
GC Heap History (20 events):
Event: 128.443 GC heap before
{Heap before GC invocations=60 (full 0):
 garbage-first heap   total 239616K, used 203108K [0x0000000080000000, 0x0000000100000000)
  region size 1024K, 48 young (49152K), 5 survivors (5120K)
 Metaspace       used 102424K, committed 103296K, reserved 1179648K
  class space    used 14160K, committed 14528K, reserved 1048576K
}
Event: 128.447 GC heap after
{Heap after GC invocations=61 (full 0):
 garbage-first heap   total 239616K, used 160472K [0x0000000080000000, 0x0000000100000000)
  region size 1024K, 4 young (4096K), 4 survivors (4096K)
 Metaspace       used 102424K, committed 103296K, reserved 1179648K
  class space    used 14160K, committed 14528K, reserved 1048576K
}
Event: 130.360 GC heap before
{Heap before GC invocations=61 (full 0):
 garbage-first heap   total 239616K, used 204504K [0x0000000080000000, 0x0000000100000000)
  region size 1024K, 47 young (48128K), 4 survivors (4096K)
 Metaspace       used 102425K, committed 103296K, reserved 1179648K
  class space    used 14160K, committed 14528K, reserved 1048576K
}
Event: 130.418 GC heap after
{Heap after GC invocations=62 (full 0):
 garbage-first heap   total 239616K, used 159371K [0x0000000080000000, 0x0000000100000000)
  region size 1024K, 2 young (2048K), 2 survivors (2048K)
 Metaspace       used 102425K, committed 103296K, reserved 1179648K
  class space    used 14160K, committed 14528K, reserved 1048576K
}
Event: 156.677 GC heap before
{Heap before GC invocations=62 (full 0):
 garbage-first heap   total 239616K, used 204427K [0x0000000080000000, 0x0000000100000000)
  region size 1024K, 46 young (47104K), 2 survivors (2048K)
 Metaspace       used 102439K, committed 103296K, reserved 1179648K
  class space    used 14161K, committed 14528K, reserved 1048576K
}
Event: 156.709 GC heap after
{Heap after GC invocations=63 (full 0):
 garbage-first heap   total 239616K, used 162761K [0x0000000080000000, 0x0000000100000000)
  region size 1024K, 5 young (5120K), 5 survivors (5120K)
 Metaspace       used 102439K, committed 103296K, reserved 1179648K
  class space    used 14161K, committed 14528K, reserved 1048576K
}
Event: 162.260 GC heap before
{Heap before GC invocations=63 (full 0):
 garbage-first heap   total 239616K, used 204745K [0x0000000080000000, 0x0000000100000000)
  region size 1024K, 46 young (47104K), 5 survivors (5120K)
 Metaspace       used 102441K, committed 103296K, reserved 1179648K
  class space    used 14161K, committed 14528K, reserved 1048576K
}
Event: 162.266 GC heap after
{Heap after GC invocations=64 (full 0):
 garbage-first heap   total 239616K, used 163730K [0x0000000080000000, 0x0000000100000000)
  region size 1024K, 4 young (4096K), 4 survivors (4096K)
 Metaspace       used 102441K, committed 103296K, reserved 1179648K
  class space    used 14161K, committed 14528K, reserved 1048576K
}
Event: 163.516 GC heap before
{Heap before GC invocations=64 (full 0):
 garbage-first heap   total 239616K, used 204690K [0x0000000080000000, 0x0000000100000000)
  region size 1024K, 44 young (45056K), 4 survivors (4096K)
 Metaspace       used 102442K, committed 103296K, reserved 1179648K
  class space    used 14161K, committed 14528K, reserved 1048576K
}
Event: 163.521 GC heap after
{Heap after GC invocations=65 (full 0):
 garbage-first heap   total 239616K, used 165438K [0x0000000080000000, 0x0000000100000000)
  region size 1024K, 5 young (5120K), 5 survivors (5120K)
 Metaspace       used 102442K, committed 103296K, reserved 1179648K
  class space    used 14161K, committed 14528K, reserved 1048576K
}
Event: 164.352 GC heap before
{Heap before GC invocations=65 (full 0):
 garbage-first heap   total 239616K, used 204350K [0x0000000080000000, 0x0000000100000000)
  region size 1024K, 43 young (44032K), 5 survivors (5120K)
 Metaspace       used 102442K, committed 103296K, reserved 1179648K
  class space    used 14161K, committed 14528K, reserved 1048576K
}
Event: 164.357 GC heap after
{Heap after GC invocations=66 (full 0):
 garbage-first heap   total 239616K, used 167182K [0x0000000080000000, 0x0000000100000000)
  region size 1024K, 5 young (5120K), 5 survivors (5120K)
 Metaspace       used 102442K, committed 103296K, reserved 1179648K
  class space    used 14161K, committed 14528K, reserved 1048576K
}
Event: 164.928 GC heap before
{Heap before GC invocations=66 (full 0):
 garbage-first heap   total 239616K, used 204046K [0x0000000080000000, 0x0000000100000000)
  region size 1024K, 41 young (41984K), 5 survivors (5120K)
 Metaspace       used 102442K, committed 103296K, reserved 1179648K
  class space    used 14161K, committed 14528K, reserved 1048576K
}
Event: 164.932 GC heap after
{Heap after GC invocations=67 (full 0):
 garbage-first heap   total 239616K, used 168243K [0x0000000080000000, 0x0000000100000000)
  region size 1024K, 4 young (4096K), 4 survivors (4096K)
 Metaspace       used 102442K, committed 103296K, reserved 1179648K
  class space    used 14161K, committed 14528K, reserved 1048576K
}
Event: 165.185 GC heap before
{Heap before GC invocations=67 (full 0):
 garbage-first heap   total 239616K, used 205107K [0x0000000080000000, 0x0000000100000000)
  region size 1024K, 40 young (40960K), 4 survivors (4096K)
 Metaspace       used 102442K, committed 103296K, reserved 1179648K
  class space    used 14161K, committed 14528K, reserved 1048576K
}
Event: 165.189 GC heap after
{Heap after GC invocations=68 (full 0):
 garbage-first heap   total 239616K, used 169342K [0x0000000080000000, 0x0000000100000000)
  region size 1024K, 4 young (4096K), 4 survivors (4096K)
 Metaspace       used 102442K, committed 103296K, reserved 1179648K
  class space    used 14161K, committed 14528K, reserved 1048576K
}
Event: 166.025 GC heap before
{Heap before GC invocations=68 (full 0):
 garbage-first heap   total 239616K, used 205182K [0x0000000080000000, 0x0000000100000000)
  region size 1024K, 39 young (39936K), 4 survivors (4096K)
 Metaspace       used 102687K, committed 103552K, reserved 1179648K
  class space    used 14190K, committed 14592K, reserved 1048576K
}
Event: 166.029 GC heap after
{Heap after GC invocations=69 (full 0):
 garbage-first heap   total 239616K, used 170157K [0x0000000080000000, 0x0000000100000000)
  region size 1024K, 4 young (4096K), 4 survivors (4096K)
 Metaspace       used 102687K, committed 103552K, reserved 1179648K
  class space    used 14190K, committed 14592K, reserved 1048576K
}
Event: 167.188 GC heap before
{Heap before GC invocations=69 (full 0):
 garbage-first heap   total 239616K, used 205997K [0x0000000080000000, 0x0000000100000000)
  region size 1024K, 38 young (38912K), 4 survivors (4096K)
 Metaspace       used 106565K, committed 107520K, reserved 1179648K
  class space    used 14641K, committed 15104K, reserved 1048576K
}
Event: 167.194 GC heap after
{Heap after GC invocations=70 (full 0):
 garbage-first heap   total 239616K, used 169310K [0x0000000080000000, 0x0000000100000000)
  region size 1024K, 2 young (2048K), 2 survivors (2048K)
 Metaspace       used 106565K, committed 107520K, reserved 1179648K
  class space    used 14641K, committed 15104K, reserved 1048576K
}

